<?xml version="1.0" encoding="UTF-8"?><testsuite errors="0" failures="0" name="com.bestbuy.bestbuyinfo.StoreCRUDTestWithSteps" skipped="0" tests="4" time="5.83" timestamp="2023-01-03T21:04:41.958Z[Europe/London]"><testcase classname="com.bestbuy.bestbuyinfo.StoreCRUDTestWithSteps" name="This will create new product"/><testcase classname="com.bestbuy.bestbuyinfo.StoreCRUDTestWithSteps" name="Verify if the product was added to application"/><testcase classname="com.bestbuy.bestbuyinfo.StoreCRUDTestWithSteps" name="This will update product"/><testcase classname="com.bestbuy.bestbuyinfo.StoreCRUDTestWithSteps" name="This will delete product"/></testsuite>